<?xml version="1.0" encoding="UTF-8"?>
<testsuite xmlns:xsi="http://www.w3.org/2001/XMLSchema-instance" xsi:noNamespaceSchemaLocation="https://maven.apache.org/surefire/maven-surefire-plugin/xsd/surefire-test-report-3.0.xsd" version="3.0" name="com.api.book.bootrestbook.BootRestBookApplicationTests" time="1.075" tests="1" errors="0" skipped="0" failures="0">
  <properties>
[...]
</properties>
  <testcase name="contextLoads" classname="com.api.book.bootrestbook.BootRestBookApplicationTests" time="0.38">
    <system-out><![CDATA[12:16:26.963 [main] INFO org.springframework.test.context.support.AnnotationConfigContextLoaderUtils -- Could not detect default configuration classes for test class [com.api.book.bootrestbook.BootRestBookApplicationTests]: BootRestBookApplicationTests does not declare any static, non-private, non-final, nested classes annotated with @Configuration.
12:16:27.000 [main] INFO org.springframework.boot.test.context.SpringBootTestContextBootstrapper -- Found @SpringBootConfiguration com.api.book.bootrestbook.BootRestBookApplication for test class com.api.book.bootrestbook.BootRestBookApplicationTests

  .   ____          _            __ _ _
 /\\ / ___'_ __ _ _(_)_ __  __ _ \ \ \ \
( ( )\___ | '_ | '_| | '_ \/ _` | \ \ \ \
 \\/  ___)| |_)| | | | | || (_| |  ) ) ) )
  '  |____| .__|_| |_|_| |_\__, | / / / /
 =========|_|==============|___/=/_/_/_/
 :: Spring Boot ::                (v3.1.4)

2023-10-11T12:16:27.156+05:30  INFO 7224 --- [           main] c.a.b.b.BootRestBookApplicationTests     : Starting BootRestBookApplicationTests using Java 17.0.7 with PID 7224 (started by animeshjaiswal in /Users/animeshjaiswal/Downloads/boot-rest-book)
2023-10-11T12:16:27.156+05:30  INFO 7224 --- [           main] c.a.b.b.BootRestBookApplicationTests     : No active profile set, falling back to 1 default profile: "default"
2023-10-11T12:16:27.585+05:30  INFO 7224 --- [           main] c.a.b.b.BootRestBookApplicationTests     : Started BootRestBookApplicationTests in 0.534 seconds (process running for 0.869)
]]></system-out>
  </testcase>
</testsuite>